<?xml version="1.0" encoding="UTF-8"?>
<testsuite xmlns:xsi="http://www.w3.org/2001/XMLSchema-instance" xsi:noNamespaceSchemaLocation="https://maven.apache.org/surefire/maven-surefire-plugin/xsd/surefire-test-report.xsd" version="3.0.2" name="com.arshpace.musicrawler.AppTest" time="16.292" tests="2" errors="0" skipped="0" failures="0">
  <properties>
    <property name="java.specification.version" value="17"/>
    <property name="sun.cpu.isalist" value="amd64"/>
    <property name="sun.jnu.encoding" value="Cp1252"/>
    <property name="java.class.path" value="c:\Users\icecr\Documents\All\Projects\musicrawler\target\test-classes;c:\Users\icecr\Documents\All\Projects\musicrawler\target\classes;C:\Users\icecr\.m2\repository\junit\junit\4.11\junit-4.11.jar;C:\Users\icecr\.m2\repository\org\hamcrest\hamcrest-core\1.3\hamcrest-core-1.3.jar;C:\Users\icecr\.m2\repository\org\seleniumhq\selenium\selenium-java\4.23.0\selenium-java-4.23.0.jar;C:\Users\icecr\.m2\repository\org\seleniumhq\selenium\selenium-api\4.23.0\selenium-api-4.23.0.jar;C:\Users\icecr\.m2\repository\org\seleniumhq\selenium\selenium-chrome-driver\4.23.0\selenium-chrome-driver-4.23.0.jar;C:\Users\icecr\.m2\repository\com\google\auto\service\auto-service-annotations\1.1.1\auto-service-annotations-1.1.1.jar;C:\Users\icecr\.m2\repository\org\seleniumhq\selenium\selenium-chromium-driver\4.23.0\selenium-chromium-driver-4.23.0.jar;C:\Users\icecr\.m2\repository\org\seleniumhq\selenium\selenium-json\4.23.0\selenium-json-4.23.0.jar;C:\Users\icecr\.m2\repository\org\seleniumhq\selenium\selenium-manager\4.23.0\selenium-manager-4.23.0.jar;C:\Users\icecr\.m2\repository\org\seleniumhq\selenium\selenium-devtools-v125\4.23.0\selenium-devtools-v125-4.23.0.jar;C:\Users\icecr\.m2\repository\org\seleniumhq\selenium\selenium-devtools-v126\4.23.0\selenium-devtools-v126-4.23.0.jar;C:\Users\icecr\.m2\repository\org\seleniumhq\selenium\selenium-devtools-v127\4.23.0\selenium-devtools-v127-4.23.0.jar;C:\Users\icecr\.m2\repository\org\seleniumhq\selenium\selenium-devtools-v85\4.23.0\selenium-devtools-v85-4.23.0.jar;C:\Users\icecr\.m2\repository\org\seleniumhq\selenium\selenium-edge-driver\4.23.0\selenium-edge-driver-4.23.0.jar;C:\Users\icecr\.m2\repository\org\seleniumhq\selenium\selenium-firefox-driver\4.23.0\selenium-firefox-driver-4.23.0.jar;C:\Users\icecr\.m2\repository\org\seleniumhq\selenium\selenium-http\4.23.0\selenium-http-4.23.0.jar;C:\Users\icecr\.m2\repository\dev\failsafe\failsafe\3.3.2\failsafe-3.3.2.jar;C:\Users\icecr\.m2\repository\org\seleniumhq\selenium\selenium-ie-driver\4.23.0\selenium-ie-driver-4.23.0.jar;C:\Users\icecr\.m2\repository\org\seleniumhq\selenium\selenium-remote-driver\4.23.0\selenium-remote-driver-4.23.0.jar;C:\Users\icecr\.m2\repository\com\google\guava\guava\33.2.1-jre\guava-33.2.1-jre.jar;C:\Users\icecr\.m2\repository\com\google\guava\failureaccess\1.0.2\failureaccess-1.0.2.jar;C:\Users\icecr\.m2\repository\com\google\guava\listenablefuture\9999.0-empty-to-avoid-conflict-with-guava\listenablefuture-9999.0-empty-to-avoid-conflict-with-guava.jar;C:\Users\icecr\.m2\repository\com\google\code\findbugs\jsr305\3.0.2\jsr305-3.0.2.jar;C:\Users\icecr\.m2\repository\org\checkerframework\checker-qual\3.42.0\checker-qual-3.42.0.jar;C:\Users\icecr\.m2\repository\com\google\errorprone\error_prone_annotations\2.26.1\error_prone_annotations-2.26.1.jar;C:\Users\icecr\.m2\repository\com\google\j2objc\j2objc-annotations\3.0.0\j2objc-annotations-3.0.0.jar;C:\Users\icecr\.m2\repository\io\opentelemetry\semconv\opentelemetry-semconv\1.25.0-alpha\opentelemetry-semconv-1.25.0-alpha.jar;C:\Users\icecr\.m2\repository\io\opentelemetry\opentelemetry-api\1.40.0\opentelemetry-api-1.40.0.jar;C:\Users\icecr\.m2\repository\io\opentelemetry\opentelemetry-context\1.40.0\opentelemetry-context-1.40.0.jar;C:\Users\icecr\.m2\repository\io\opentelemetry\opentelemetry-exporter-logging\1.40.0\opentelemetry-exporter-logging-1.40.0.jar;C:\Users\icecr\.m2\repository\io\opentelemetry\opentelemetry-sdk-common\1.40.0\opentelemetry-sdk-common-1.40.0.jar;C:\Users\icecr\.m2\repository\io\opentelemetry\opentelemetry-sdk-extension-autoconfigure-spi\1.40.0\opentelemetry-sdk-extension-autoconfigure-spi-1.40.0.jar;C:\Users\icecr\.m2\repository\io\opentelemetry\opentelemetry-sdk-extension-autoconfigure\1.40.0\opentelemetry-sdk-extension-autoconfigure-1.40.0.jar;C:\Users\icecr\.m2\repository\io\opentelemetry\opentelemetry-api-incubator\1.40.0-alpha\opentelemetry-api-incubator-1.40.0-alpha.jar;C:\Users\icecr\.m2\repository\io\opentelemetry\opentelemetry-sdk-trace\1.40.0\opentelemetry-sdk-trace-1.40.0.jar;C:\Users\icecr\.m2\repository\io\opentelemetry\opentelemetry-sdk\1.40.0\opentelemetry-sdk-1.40.0.jar;C:\Users\icecr\.m2\repository\io\opentelemetry\opentelemetry-sdk-metrics\1.40.0\opentelemetry-sdk-metrics-1.40.0.jar;C:\Users\icecr\.m2\repository\io\opentelemetry\opentelemetry-sdk-logs\1.40.0\opentelemetry-sdk-logs-1.40.0.jar;C:\Users\icecr\.m2\repository\net\bytebuddy\byte-buddy\1.14.18\byte-buddy-1.14.18.jar;C:\Users\icecr\.m2\repository\org\seleniumhq\selenium\selenium-os\4.23.0\selenium-os-4.23.0.jar;C:\Users\icecr\.m2\repository\org\apache\commons\commons-exec\1.4.0\commons-exec-1.4.0.jar;C:\Users\icecr\.m2\repository\org\seleniumhq\selenium\selenium-safari-driver\4.23.0\selenium-safari-driver-4.23.0.jar;C:\Users\icecr\.m2\repository\org\seleniumhq\selenium\selenium-support\4.23.0\selenium-support-4.23.0.jar;C:\Users\icecr\.m2\repository\org\jsoup\jsoup\1.18.1\jsoup-1.18.1.jar;"/>
    <property name="java.vm.vendor" value="Oracle Corporation"/>
    <property name="sun.arch.data.model" value="64"/>
    <property name="user.variant" value=""/>
    <property name="java.vendor.url" value="https://java.oracle.com/"/>
    <property name="user.timezone" value="America/Mexico_City"/>
    <property name="os.name" value="Windows 10"/>
    <property name="java.vm.specification.version" value="17"/>
    <property name="sun.java.launcher" value="SUN_STANDARD"/>
    <property name="user.country" value="US"/>
    <property name="sun.boot.library.path" value="C:\Program Files\Java\jdk-17.0.1\bin"/>
    <property name="sun.java.command" value="C:\Users\icecr\AppData\Local\Temp\surefire13798204075499811360\surefirebooter-20240829005155758_3.jar C:\Users\icecr\AppData\Local\Temp\surefire13798204075499811360 2024-08-29T00-51-55_635-jvmRun1 surefire-20240829005155758_1tmp surefire_0-20240829005155758_2tmp"/>
    <property name="jdk.debug" value="release"/>
    <property name="surefire.test.class.path" value="c:\Users\icecr\Documents\All\Projects\musicrawler\target\test-classes;c:\Users\icecr\Documents\All\Projects\musicrawler\target\classes;C:\Users\icecr\.m2\repository\junit\junit\4.11\junit-4.11.jar;C:\Users\icecr\.m2\repository\org\hamcrest\hamcrest-core\1.3\hamcrest-core-1.3.jar;C:\Users\icecr\.m2\repository\org\seleniumhq\selenium\selenium-java\4.23.0\selenium-java-4.23.0.jar;C:\Users\icecr\.m2\repository\org\seleniumhq\selenium\selenium-api\4.23.0\selenium-api-4.23.0.jar;C:\Users\icecr\.m2\repository\org\seleniumhq\selenium\selenium-chrome-driver\4.23.0\selenium-chrome-driver-4.23.0.jar;C:\Users\icecr\.m2\repository\com\google\auto\service\auto-service-annotations\1.1.1\auto-service-annotations-1.1.1.jar;C:\Users\icecr\.m2\repository\org\seleniumhq\selenium\selenium-chromium-driver\4.23.0\selenium-chromium-driver-4.23.0.jar;C:\Users\icecr\.m2\repository\org\seleniumhq\selenium\selenium-json\4.23.0\selenium-json-4.23.0.jar;C:\Users\icecr\.m2\repository\org\seleniumhq\selenium\selenium-manager\4.23.0\selenium-manager-4.23.0.jar;C:\Users\icecr\.m2\repository\org\seleniumhq\selenium\selenium-devtools-v125\4.23.0\selenium-devtools-v125-4.23.0.jar;C:\Users\icecr\.m2\repository\org\seleniumhq\selenium\selenium-devtools-v126\4.23.0\selenium-devtools-v126-4.23.0.jar;C:\Users\icecr\.m2\repository\org\seleniumhq\selenium\selenium-devtools-v127\4.23.0\selenium-devtools-v127-4.23.0.jar;C:\Users\icecr\.m2\repository\org\seleniumhq\selenium\selenium-devtools-v85\4.23.0\selenium-devtools-v85-4.23.0.jar;C:\Users\icecr\.m2\repository\org\seleniumhq\selenium\selenium-edge-driver\4.23.0\selenium-edge-driver-4.23.0.jar;C:\Users\icecr\.m2\repository\org\seleniumhq\selenium\selenium-firefox-driver\4.23.0\selenium-firefox-driver-4.23.0.jar;C:\Users\icecr\.m2\repository\org\seleniumhq\selenium\selenium-http\4.23.0\selenium-http-4.23.0.jar;C:\Users\icecr\.m2\repository\dev\failsafe\failsafe\3.3.2\failsafe-3.3.2.jar;C:\Users\icecr\.m2\repository\org\seleniumhq\selenium\selenium-ie-driver\4.23.0\selenium-ie-driver-4.23.0.jar;C:\Users\icecr\.m2\repository\org\seleniumhq\selenium\selenium-remote-driver\4.23.0\selenium-remote-driver-4.23.0.jar;C:\Users\icecr\.m2\repository\com\google\guava\guava\33.2.1-jre\guava-33.2.1-jre.jar;C:\Users\icecr\.m2\repository\com\google\guava\failureaccess\1.0.2\failureaccess-1.0.2.jar;C:\Users\icecr\.m2\repository\com\google\guava\listenablefuture\9999.0-empty-to-avoid-conflict-with-guava\listenablefuture-9999.0-empty-to-avoid-conflict-with-guava.jar;C:\Users\icecr\.m2\repository\com\google\code\findbugs\jsr305\3.0.2\jsr305-3.0.2.jar;C:\Users\icecr\.m2\repository\org\checkerframework\checker-qual\3.42.0\checker-qual-3.42.0.jar;C:\Users\icecr\.m2\repository\com\google\errorprone\error_prone_annotations\2.26.1\error_prone_annotations-2.26.1.jar;C:\Users\icecr\.m2\repository\com\google\j2objc\j2objc-annotations\3.0.0\j2objc-annotations-3.0.0.jar;C:\Users\icecr\.m2\repository\io\opentelemetry\semconv\opentelemetry-semconv\1.25.0-alpha\opentelemetry-semconv-1.25.0-alpha.jar;C:\Users\icecr\.m2\repository\io\opentelemetry\opentelemetry-api\1.40.0\opentelemetry-api-1.40.0.jar;C:\Users\icecr\.m2\repository\io\opentelemetry\opentelemetry-context\1.40.0\opentelemetry-context-1.40.0.jar;C:\Users\icecr\.m2\repository\io\opentelemetry\opentelemetry-exporter-logging\1.40.0\opentelemetry-exporter-logging-1.40.0.jar;C:\Users\icecr\.m2\repository\io\opentelemetry\opentelemetry-sdk-common\1.40.0\opentelemetry-sdk-common-1.40.0.jar;C:\Users\icecr\.m2\repository\io\opentelemetry\opentelemetry-sdk-extension-autoconfigure-spi\1.40.0\opentelemetry-sdk-extension-autoconfigure-spi-1.40.0.jar;C:\Users\icecr\.m2\repository\io\opentelemetry\opentelemetry-sdk-extension-autoconfigure\1.40.0\opentelemetry-sdk-extension-autoconfigure-1.40.0.jar;C:\Users\icecr\.m2\repository\io\opentelemetry\opentelemetry-api-incubator\1.40.0-alpha\opentelemetry-api-incubator-1.40.0-alpha.jar;C:\Users\icecr\.m2\repository\io\opentelemetry\opentelemetry-sdk-trace\1.40.0\opentelemetry-sdk-trace-1.40.0.jar;C:\Users\icecr\.m2\repository\io\opentelemetry\opentelemetry-sdk\1.40.0\opentelemetry-sdk-1.40.0.jar;C:\Users\icecr\.m2\repository\io\opentelemetry\opentelemetry-sdk-metrics\1.40.0\opentelemetry-sdk-metrics-1.40.0.jar;C:\Users\icecr\.m2\repository\io\opentelemetry\opentelemetry-sdk-logs\1.40.0\opentelemetry-sdk-logs-1.40.0.jar;C:\Users\icecr\.m2\repository\net\bytebuddy\byte-buddy\1.14.18\byte-buddy-1.14.18.jar;C:\Users\icecr\.m2\repository\org\seleniumhq\selenium\selenium-os\4.23.0\selenium-os-4.23.0.jar;C:\Users\icecr\.m2\repository\org\apache\commons\commons-exec\1.4.0\commons-exec-1.4.0.jar;C:\Users\icecr\.m2\repository\org\seleniumhq\selenium\selenium-safari-driver\4.23.0\selenium-safari-driver-4.23.0.jar;C:\Users\icecr\.m2\repository\org\seleniumhq\selenium\selenium-support\4.23.0\selenium-support-4.23.0.jar;C:\Users\icecr\.m2\repository\org\jsoup\jsoup\1.18.1\jsoup-1.18.1.jar;"/>
    <property name="sun.cpu.endian" value="little"/>
    <property name="user.home" value="C:\Users\icecr"/>
    <property name="user.language" value="en"/>
    <property name="java.specification.vendor" value="Oracle Corporation"/>
    <property name="java.version.date" value="2021-10-19"/>
    <property name="java.home" value="C:\Program Files\Java\jdk-17.0.1"/>
    <property name="file.separator" value="\"/>
    <property name="basedir" value="c:\Users\icecr\Documents\All\Projects\musicrawler"/>
    <property name="java.vm.compressedOopsMode" value="Zero based"/>
    <property name="line.separator" value="&#10;"/>
    <property name="java.vm.specification.vendor" value="Oracle Corporation"/>
    <property name="java.specification.name" value="Java Platform API Specification"/>
    <property name="surefire.real.class.path" value="C:\Users\icecr\AppData\Local\Temp\surefire13798204075499811360\surefirebooter-20240829005155758_3.jar"/>
    <property name="user.script" value=""/>
    <property name="sun.management.compiler" value="HotSpot 64-Bit Tiered Compilers"/>
    <property name="java.runtime.version" value="17.0.1+12-LTS-39"/>
    <property name="user.name" value="icecr"/>
    <property name="path.separator" value=";"/>
    <property name="os.version" value="10.0"/>
    <property name="java.runtime.name" value="Java(TM) SE Runtime Environment"/>
    <property name="file.encoding" value="Cp1252"/>
    <property name="java.vm.name" value="Java HotSpot(TM) 64-Bit Server VM"/>
    <property name="localRepository" value="C:\Users\icecr\.m2\repository"/>
    <property name="java.vendor.url.bug" value="https://bugreport.java.com/bugreport/"/>
    <property name="java.io.tmpdir" value="C:\Users\icecr\AppData\Local\Temp\"/>
    <property name="java.version" value="17.0.1"/>
    <property name="user.dir" value="c:\Users\icecr\Documents\All\Projects\musicrawler"/>
    <property name="os.arch" value="amd64"/>
    <property name="java.vm.specification.name" value="Java Virtual Machine Specification"/>
    <property name="sun.os.patch.level" value=""/>
    <property name="native.encoding" value="Cp1252"/>
    <property name="java.library.path" value="C:\Program Files\Java\jdk-17.0.1\bin;C:\WINDOWS\Sun\Java\bin;C:\WINDOWS\system32;C:\WINDOWS;C:\Program Files\Common Files\Oracle\Java\javapath;C:\windows\system32;C:\windows;C:\windows\System32\Wbem;C:\windows\System32\WindowsPowerShell\v1.0\;C:\windows\System32\OpenSSH\;C:\Program Files (x86)\NVIDIA Corporation\PhysX\Common;C:\Program Files\NVIDIA Corporation\NVIDIA NvDLISR;C:\WINDOWS\system32;C:\WINDOWS;C:\WINDOWS\System32\Wbem;C:\WINDOWS\System32\WindowsPowerShell\v1.0\;C:\WINDOWS\System32\OpenSSH\;C:\Program Files (x86)\Lua\5.1;C:\Program Files (x86)\Lua\5.1\clibs;C:\Program Files\Common Files\Autodesk Shared\;C:\Program Files\Java\jdk-17.0.1\bin;C:\Program Files\Docker\Docker\resources\bin;;;C:\Program Files\Mercury;C:\Users\icecr\AppData\Local\Programs\Python\Python312\Scripts\;C:\Users\icecr\AppData\Local\Programs\Python\Python312\;C:\Users\icecr\AppData\Local\Programs\Python\Launcher\;C:\Users\icecr\AppData\Local\Microsoft\WindowsApps;;C:\Users\icecr\AppData\Local\Programs\Microsoft VS Code\bin;."/>
    <property name="java.vm.info" value="mixed mode, sharing"/>
    <property name="java.vendor" value="Oracle Corporation"/>
    <property name="java.vm.version" value="17.0.1+12-LTS-39"/>
    <property name="sun.io.unicode.encoding" value="UnicodeLittle"/>
    <property name="java.class.version" value="61.0"/>
  </properties>
  <testcase name="encodingTest" classname="com.arshpace.musicrawler.AppTest" time="0.006">
    <system-out><![CDATA[
RUNNING SUB-TEST: encodingTest

Hello, World 1! Привет, мир! こんにちは世界
File encoding: Cp1252
]]></system-out>
  </testcase>
  <testcase name="showAllSongsFromFirstAlbumFromArtistV2" classname="com.arshpace.musicrawler.AppTest" time="16.261">
    <system-out><![CDATA[
RUNNING SUB-TEST: showAllSongsFromFirstAlbumFromArtistV2

Artist search results: 7
- Guns N' Roses, channel URL: https://music.youtube.com/channel/UCSLbbBoUqpin6BE34whSOvA
- Bon Jovi, channel URL: https://music.youtube.com/channel/UCCL-yoaPLR-7bxZM1xlcQcQ
- Slash, channel URL: https://music.youtube.com/channel/UCCmhkOml3mM0nXpSM-k_PFw
- Blue Guns N Roses, channel URL: https://music.youtube.com/channel/UC1izNistT8sw5G1z2hsuFMw
- Axl Rose, channel URL: https://music.youtube.com/channel/UCPDyF0YWMwO2Wqldu6FF59w
- Velvet Revolver, channel URL: https://music.youtube.com/channel/UCqHVC3OG_iub0imP6bzH5oA
- Voyage, channel URL: https://music.youtube.com/channel/UCUpKFt8NsdiQ-WeOKEVDcNg
(First search result) Artist name: Guns N' Roses, channel URL: https://music.youtube.com/channel/UCSLbbBoUqpin6BE34whSOvA
Artist releases: 33
- Take Me Down, release URL: https://music.youtube.com/browse/MPREb_o3rVbwietP6
- Rock Mix: Aerosmith & Guns N' Roses, release URL: https://music.youtube.com/browse/MPREb_xpBEGUgLCoM
- Use Your Illusion (Super Deluxe), release URL: https://music.youtube.com/browse/MPREb_Q0lRdktJwaZ
- Deer Creek 1991: The Illusion Broadcast, Vol. 1, release URL: https://music.youtube.com/browse/MPREb_w6e5kuUqXz2
- November Rain Guns N' Roses Recordings, release URL: https://music.youtube.com/browse/MPREb_yjmdVVjdRWp
- Live Broadcast 2nd February 1988 The Ritz, release URL: https://music.youtube.com/browse/MPREb_of3RdcTlXqm
- Chinese Democracy, release URL: https://music.youtube.com/browse/MPREb_Y4kpg0hqFkD
- The Spaghetti Incident?, release URL: https://music.youtube.com/browse/MPREb_UMUlZ1htdA6
- Tales of Destruction, release URL: https://music.youtube.com/browse/MPREb_uFuxbwZhMJC
- Use Your Illusion II, release URL: https://music.youtube.com/browse/MPREb_BWthKEBKL9Y
- Use Your Illusion I, release URL: https://music.youtube.com/browse/MPREb_fj1B4Tl3r6C
- G N' R Lies, release URL: https://music.youtube.com/browse/MPREb_5TwIpJ97Ac3
- Appetite For Destruction, release URL: https://music.youtube.com/browse/MPREb_9BXDuSuS1i8
- Guns N' Roses: New York, New York, Live At The Ritz, 1988, release URL: https://music.youtube.com/browse/MPREb_1qaPXSk3dAX
- Guns N' Roses: Deer Creek 1991, The Illusion Broadcast, Vol. 2, release URL: https://music.youtube.com/browse/MPREb_MiU05GM4dqf
- Guns N' Roses Live Illusions, Chicago 1992, release URL: https://music.youtube.com/browse/MPREb_BW6s9R69Caz
- Deer Creek 1991 (Live), release URL: https://music.youtube.com/browse/MPREb_tlLaGkMBD4a
- Perkins Palace, Pasadena, Ca. December 30th, 1987 (Doxy Collection, Remastered, Live on Fm Broadcasting), release URL: https://music.youtube.com/browse/MPREb_cRlo2ZSpwFz
- Live Era '87-'93, release URL: https://music.youtube.com/browse/MPREb_6lPw7tG0BnS
- Live in Chicago 1992, release URL: https://music.youtube.com/browse/MPREb_qvTB1GPZWw3
- The Ultimate Live Radio Broadcasts Collection, Vol. 2, release URL: https://music.youtube.com/browse/MPREb_fXGYsVux59h
- The Ultimate Live Radio Broadcasts Collection, Vol. 1, release URL: https://music.youtube.com/browse/MPREb_5q31AU7tFCm
- Greatest Hits, release URL: https://music.youtube.com/browse/MPREb_t54JI058oUJ
- The General, release URL: https://music.youtube.com/browse/MPREb_b1fqwpMl1m0
- Perhaps, release URL: https://music.youtube.com/browse/MPREb_773QPeTTxER
- November Rain (2022 Version), release URL: https://music.youtube.com/browse/MPREb_C3onbBdhDDf
- Double Talkin' Jive, release URL: https://music.youtube.com/browse/MPREb_D4RTYp4UWbg
- Hard Skool, release URL: https://music.youtube.com/browse/MPREb_iza1EV8DPHT
- ABSUЯD, release URL: https://music.youtube.com/browse/MPREb_QcqwwX6Pho0
- Move To The City (1988 Acoustic Version), release URL: https://music.youtube.com/browse/MPREb_UShkFG62bRt
- Shadow Of Your Love, release URL: https://music.youtube.com/browse/MPREb_KbdYqaSWMuB
- You Could Be Mine (Live In New York, Ritz Theatre - May 16, 1991), release URL: https://music.youtube.com/browse/MPREb_vte8jAqIfoe
- Welcome to the Jungle (1986 Sound City Session), release URL: https://music.youtube.com/browse/MPREb_4v52prHhsT9
First release tracks: 11
- It's So Easy (Live 1988), song URL: https://music.youtube.com/watch?v=jb94LdQkAfw&list=OLAK5uy_kd-Jlg-nQ8r94upmGmbfbHOHc-sC_YRsg
- Mr. Brownstone (Live 1988), song URL: https://music.youtube.com/watch?v=Nw2ZCFNOJr8&list=OLAK5uy_kd-Jlg-nQ8r94upmGmbfbHOHc-sC_YRsg
- Out To Get Me (Live 1988), song URL: https://music.youtube.com/watch?v=3-hzS9VttNc&list=OLAK5uy_kd-Jlg-nQ8r94upmGmbfbHOHc-sC_YRsg
- Sweet Child O' Mine (Live 1988), song URL: https://music.youtube.com/watch?v=6xzKz3dGGgc&list=OLAK5uy_kd-Jlg-nQ8r94upmGmbfbHOHc-sC_YRsg
- My Michelle (Live 1988), song URL: https://music.youtube.com/watch?v=wguzNBmiqig&list=OLAK5uy_kd-Jlg-nQ8r94upmGmbfbHOHc-sC_YRsg
- Knockin' On Heaven's Door (Live 1988), song URL: https://music.youtube.com/watch?v=oHxc2vvUH7Q&list=OLAK5uy_kd-Jlg-nQ8r94upmGmbfbHOHc-sC_YRsg
- Welcome To The Jungle (Live 1988), song URL: https://music.youtube.com/watch?v=6UHryVxBmjA&list=OLAK5uy_kd-Jlg-nQ8r94upmGmbfbHOHc-sC_YRsg
- Band Introductions (Live 1988), song URL: https://music.youtube.com/watch?v=H5P-DNPQvRk&list=OLAK5uy_kd-Jlg-nQ8r94upmGmbfbHOHc-sC_YRsg
- Night Train (Live 1988), song URL: https://music.youtube.com/watch?v=bA5IO61AFX4&list=OLAK5uy_kd-Jlg-nQ8r94upmGmbfbHOHc-sC_YRsg
- Paradise City (Live 1988), song URL: https://music.youtube.com/watch?v=6-5Car93dCg&list=OLAK5uy_kd-Jlg-nQ8r94upmGmbfbHOHc-sC_YRsg
- Rocket Queen (Live 1988), song URL: https://music.youtube.com/watch?v=x_NiVpFZ-9o&list=OLAK5uy_kd-Jlg-nQ8r94upmGmbfbHOHc-sC_YRsg
]]></system-out>
  </testcase>
</testsuite>