<?xml version="1.0" encoding="UTF-8"?>
<testsuite xmlns:xsi="http://www.w3.org/2001/XMLSchema-instance" xsi:noNamespaceSchemaLocation="https://maven.apache.org/surefire/maven-surefire-plugin/xsd/surefire-test-report.xsd" version="3.0.2" name="com.arshpace.musicrawler.AppTest" time="17.554" tests="2" errors="0" skipped="0" failures="0">
  <properties>
    <property name="java.specification.version" value="17"/>
    <property name="sun.cpu.isalist" value="amd64"/>
    <property name="sun.jnu.encoding" value="Cp1252"/>
    <property name="java.class.path" value="c:\Users\icecr\Documents\All\Projects\musicrawler\target\test-classes;c:\Users\icecr\Documents\All\Projects\musicrawler\target\classes;C:\Users\icecr\.m2\repository\junit\junit\4.11\junit-4.11.jar;C:\Users\icecr\.m2\repository\org\hamcrest\hamcrest-core\1.3\hamcrest-core-1.3.jar;C:\Users\icecr\.m2\repository\org\seleniumhq\selenium\selenium-java\4.23.0\selenium-java-4.23.0.jar;C:\Users\icecr\.m2\repository\org\seleniumhq\selenium\selenium-api\4.23.0\selenium-api-4.23.0.jar;C:\Users\icecr\.m2\repository\org\seleniumhq\selenium\selenium-chrome-driver\4.23.0\selenium-chrome-driver-4.23.0.jar;C:\Users\icecr\.m2\repository\com\google\auto\service\auto-service-annotations\1.1.1\auto-service-annotations-1.1.1.jar;C:\Users\icecr\.m2\repository\org\seleniumhq\selenium\selenium-chromium-driver\4.23.0\selenium-chromium-driver-4.23.0.jar;C:\Users\icecr\.m2\repository\org\seleniumhq\selenium\selenium-json\4.23.0\selenium-json-4.23.0.jar;C:\Users\icecr\.m2\repository\org\seleniumhq\selenium\selenium-manager\4.23.0\selenium-manager-4.23.0.jar;C:\Users\icecr\.m2\repository\org\seleniumhq\selenium\selenium-devtools-v125\4.23.0\selenium-devtools-v125-4.23.0.jar;C:\Users\icecr\.m2\repository\org\seleniumhq\selenium\selenium-devtools-v126\4.23.0\selenium-devtools-v126-4.23.0.jar;C:\Users\icecr\.m2\repository\org\seleniumhq\selenium\selenium-devtools-v127\4.23.0\selenium-devtools-v127-4.23.0.jar;C:\Users\icecr\.m2\repository\org\seleniumhq\selenium\selenium-devtools-v85\4.23.0\selenium-devtools-v85-4.23.0.jar;C:\Users\icecr\.m2\repository\org\seleniumhq\selenium\selenium-edge-driver\4.23.0\selenium-edge-driver-4.23.0.jar;C:\Users\icecr\.m2\repository\org\seleniumhq\selenium\selenium-firefox-driver\4.23.0\selenium-firefox-driver-4.23.0.jar;C:\Users\icecr\.m2\repository\org\seleniumhq\selenium\selenium-http\4.23.0\selenium-http-4.23.0.jar;C:\Users\icecr\.m2\repository\dev\failsafe\failsafe\3.3.2\failsafe-3.3.2.jar;C:\Users\icecr\.m2\repository\org\seleniumhq\selenium\selenium-ie-driver\4.23.0\selenium-ie-driver-4.23.0.jar;C:\Users\icecr\.m2\repository\org\seleniumhq\selenium\selenium-remote-driver\4.23.0\selenium-remote-driver-4.23.0.jar;C:\Users\icecr\.m2\repository\com\google\guava\guava\33.2.1-jre\guava-33.2.1-jre.jar;C:\Users\icecr\.m2\repository\com\google\guava\failureaccess\1.0.2\failureaccess-1.0.2.jar;C:\Users\icecr\.m2\repository\com\google\guava\listenablefuture\9999.0-empty-to-avoid-conflict-with-guava\listenablefuture-9999.0-empty-to-avoid-conflict-with-guava.jar;C:\Users\icecr\.m2\repository\com\google\code\findbugs\jsr305\3.0.2\jsr305-3.0.2.jar;C:\Users\icecr\.m2\repository\org\checkerframework\checker-qual\3.42.0\checker-qual-3.42.0.jar;C:\Users\icecr\.m2\repository\com\google\errorprone\error_prone_annotations\2.26.1\error_prone_annotations-2.26.1.jar;C:\Users\icecr\.m2\repository\com\google\j2objc\j2objc-annotations\3.0.0\j2objc-annotations-3.0.0.jar;C:\Users\icecr\.m2\repository\io\opentelemetry\semconv\opentelemetry-semconv\1.25.0-alpha\opentelemetry-semconv-1.25.0-alpha.jar;C:\Users\icecr\.m2\repository\io\opentelemetry\opentelemetry-api\1.40.0\opentelemetry-api-1.40.0.jar;C:\Users\icecr\.m2\repository\io\opentelemetry\opentelemetry-context\1.40.0\opentelemetry-context-1.40.0.jar;C:\Users\icecr\.m2\repository\io\opentelemetry\opentelemetry-exporter-logging\1.40.0\opentelemetry-exporter-logging-1.40.0.jar;C:\Users\icecr\.m2\repository\io\opentelemetry\opentelemetry-sdk-common\1.40.0\opentelemetry-sdk-common-1.40.0.jar;C:\Users\icecr\.m2\repository\io\opentelemetry\opentelemetry-sdk-extension-autoconfigure-spi\1.40.0\opentelemetry-sdk-extension-autoconfigure-spi-1.40.0.jar;C:\Users\icecr\.m2\repository\io\opentelemetry\opentelemetry-sdk-extension-autoconfigure\1.40.0\opentelemetry-sdk-extension-autoconfigure-1.40.0.jar;C:\Users\icecr\.m2\repository\io\opentelemetry\opentelemetry-api-incubator\1.40.0-alpha\opentelemetry-api-incubator-1.40.0-alpha.jar;C:\Users\icecr\.m2\repository\io\opentelemetry\opentelemetry-sdk-trace\1.40.0\opentelemetry-sdk-trace-1.40.0.jar;C:\Users\icecr\.m2\repository\io\opentelemetry\opentelemetry-sdk\1.40.0\opentelemetry-sdk-1.40.0.jar;C:\Users\icecr\.m2\repository\io\opentelemetry\opentelemetry-sdk-metrics\1.40.0\opentelemetry-sdk-metrics-1.40.0.jar;C:\Users\icecr\.m2\repository\io\opentelemetry\opentelemetry-sdk-logs\1.40.0\opentelemetry-sdk-logs-1.40.0.jar;C:\Users\icecr\.m2\repository\net\bytebuddy\byte-buddy\1.14.18\byte-buddy-1.14.18.jar;C:\Users\icecr\.m2\repository\org\seleniumhq\selenium\selenium-os\4.23.0\selenium-os-4.23.0.jar;C:\Users\icecr\.m2\repository\org\apache\commons\commons-exec\1.4.0\commons-exec-1.4.0.jar;C:\Users\icecr\.m2\repository\org\seleniumhq\selenium\selenium-safari-driver\4.23.0\selenium-safari-driver-4.23.0.jar;C:\Users\icecr\.m2\repository\org\seleniumhq\selenium\selenium-support\4.23.0\selenium-support-4.23.0.jar;C:\Users\icecr\.m2\repository\org\jsoup\jsoup\1.18.1\jsoup-1.18.1.jar;"/>
    <property name="java.vm.vendor" value="Oracle Corporation"/>
    <property name="sun.arch.data.model" value="64"/>
    <property name="user.variant" value=""/>
    <property name="java.vendor.url" value="https://java.oracle.com/"/>
    <property name="user.timezone" value="America/Mexico_City"/>
    <property name="os.name" value="Windows 10"/>
    <property name="java.vm.specification.version" value="17"/>
    <property name="sun.java.launcher" value="SUN_STANDARD"/>
    <property name="user.country" value="US"/>
    <property name="sun.boot.library.path" value="C:\Program Files\Java\jdk-17.0.1\bin"/>
    <property name="sun.java.command" value="C:\Users\icecr\AppData\Local\Temp\surefire1489612348269378562\surefirebooter-20240828214236459_3.jar C:\Users\icecr\AppData\Local\Temp\surefire1489612348269378562 2024-08-28T21-42-36_325-jvmRun1 surefire-20240828214236459_1tmp surefire_0-20240828214236459_2tmp"/>
    <property name="jdk.debug" value="release"/>
    <property name="surefire.test.class.path" value="c:\Users\icecr\Documents\All\Projects\musicrawler\target\test-classes;c:\Users\icecr\Documents\All\Projects\musicrawler\target\classes;C:\Users\icecr\.m2\repository\junit\junit\4.11\junit-4.11.jar;C:\Users\icecr\.m2\repository\org\hamcrest\hamcrest-core\1.3\hamcrest-core-1.3.jar;C:\Users\icecr\.m2\repository\org\seleniumhq\selenium\selenium-java\4.23.0\selenium-java-4.23.0.jar;C:\Users\icecr\.m2\repository\org\seleniumhq\selenium\selenium-api\4.23.0\selenium-api-4.23.0.jar;C:\Users\icecr\.m2\repository\org\seleniumhq\selenium\selenium-chrome-driver\4.23.0\selenium-chrome-driver-4.23.0.jar;C:\Users\icecr\.m2\repository\com\google\auto\service\auto-service-annotations\1.1.1\auto-service-annotations-1.1.1.jar;C:\Users\icecr\.m2\repository\org\seleniumhq\selenium\selenium-chromium-driver\4.23.0\selenium-chromium-driver-4.23.0.jar;C:\Users\icecr\.m2\repository\org\seleniumhq\selenium\selenium-json\4.23.0\selenium-json-4.23.0.jar;C:\Users\icecr\.m2\repository\org\seleniumhq\selenium\selenium-manager\4.23.0\selenium-manager-4.23.0.jar;C:\Users\icecr\.m2\repository\org\seleniumhq\selenium\selenium-devtools-v125\4.23.0\selenium-devtools-v125-4.23.0.jar;C:\Users\icecr\.m2\repository\org\seleniumhq\selenium\selenium-devtools-v126\4.23.0\selenium-devtools-v126-4.23.0.jar;C:\Users\icecr\.m2\repository\org\seleniumhq\selenium\selenium-devtools-v127\4.23.0\selenium-devtools-v127-4.23.0.jar;C:\Users\icecr\.m2\repository\org\seleniumhq\selenium\selenium-devtools-v85\4.23.0\selenium-devtools-v85-4.23.0.jar;C:\Users\icecr\.m2\repository\org\seleniumhq\selenium\selenium-edge-driver\4.23.0\selenium-edge-driver-4.23.0.jar;C:\Users\icecr\.m2\repository\org\seleniumhq\selenium\selenium-firefox-driver\4.23.0\selenium-firefox-driver-4.23.0.jar;C:\Users\icecr\.m2\repository\org\seleniumhq\selenium\selenium-http\4.23.0\selenium-http-4.23.0.jar;C:\Users\icecr\.m2\repository\dev\failsafe\failsafe\3.3.2\failsafe-3.3.2.jar;C:\Users\icecr\.m2\repository\org\seleniumhq\selenium\selenium-ie-driver\4.23.0\selenium-ie-driver-4.23.0.jar;C:\Users\icecr\.m2\repository\org\seleniumhq\selenium\selenium-remote-driver\4.23.0\selenium-remote-driver-4.23.0.jar;C:\Users\icecr\.m2\repository\com\google\guava\guava\33.2.1-jre\guava-33.2.1-jre.jar;C:\Users\icecr\.m2\repository\com\google\guava\failureaccess\1.0.2\failureaccess-1.0.2.jar;C:\Users\icecr\.m2\repository\com\google\guava\listenablefuture\9999.0-empty-to-avoid-conflict-with-guava\listenablefuture-9999.0-empty-to-avoid-conflict-with-guava.jar;C:\Users\icecr\.m2\repository\com\google\code\findbugs\jsr305\3.0.2\jsr305-3.0.2.jar;C:\Users\icecr\.m2\repository\org\checkerframework\checker-qual\3.42.0\checker-qual-3.42.0.jar;C:\Users\icecr\.m2\repository\com\google\errorprone\error_prone_annotations\2.26.1\error_prone_annotations-2.26.1.jar;C:\Users\icecr\.m2\repository\com\google\j2objc\j2objc-annotations\3.0.0\j2objc-annotations-3.0.0.jar;C:\Users\icecr\.m2\repository\io\opentelemetry\semconv\opentelemetry-semconv\1.25.0-alpha\opentelemetry-semconv-1.25.0-alpha.jar;C:\Users\icecr\.m2\repository\io\opentelemetry\opentelemetry-api\1.40.0\opentelemetry-api-1.40.0.jar;C:\Users\icecr\.m2\repository\io\opentelemetry\opentelemetry-context\1.40.0\opentelemetry-context-1.40.0.jar;C:\Users\icecr\.m2\repository\io\opentelemetry\opentelemetry-exporter-logging\1.40.0\opentelemetry-exporter-logging-1.40.0.jar;C:\Users\icecr\.m2\repository\io\opentelemetry\opentelemetry-sdk-common\1.40.0\opentelemetry-sdk-common-1.40.0.jar;C:\Users\icecr\.m2\repository\io\opentelemetry\opentelemetry-sdk-extension-autoconfigure-spi\1.40.0\opentelemetry-sdk-extension-autoconfigure-spi-1.40.0.jar;C:\Users\icecr\.m2\repository\io\opentelemetry\opentelemetry-sdk-extension-autoconfigure\1.40.0\opentelemetry-sdk-extension-autoconfigure-1.40.0.jar;C:\Users\icecr\.m2\repository\io\opentelemetry\opentelemetry-api-incubator\1.40.0-alpha\opentelemetry-api-incubator-1.40.0-alpha.jar;C:\Users\icecr\.m2\repository\io\opentelemetry\opentelemetry-sdk-trace\1.40.0\opentelemetry-sdk-trace-1.40.0.jar;C:\Users\icecr\.m2\repository\io\opentelemetry\opentelemetry-sdk\1.40.0\opentelemetry-sdk-1.40.0.jar;C:\Users\icecr\.m2\repository\io\opentelemetry\opentelemetry-sdk-metrics\1.40.0\opentelemetry-sdk-metrics-1.40.0.jar;C:\Users\icecr\.m2\repository\io\opentelemetry\opentelemetry-sdk-logs\1.40.0\opentelemetry-sdk-logs-1.40.0.jar;C:\Users\icecr\.m2\repository\net\bytebuddy\byte-buddy\1.14.18\byte-buddy-1.14.18.jar;C:\Users\icecr\.m2\repository\org\seleniumhq\selenium\selenium-os\4.23.0\selenium-os-4.23.0.jar;C:\Users\icecr\.m2\repository\org\apache\commons\commons-exec\1.4.0\commons-exec-1.4.0.jar;C:\Users\icecr\.m2\repository\org\seleniumhq\selenium\selenium-safari-driver\4.23.0\selenium-safari-driver-4.23.0.jar;C:\Users\icecr\.m2\repository\org\seleniumhq\selenium\selenium-support\4.23.0\selenium-support-4.23.0.jar;C:\Users\icecr\.m2\repository\org\jsoup\jsoup\1.18.1\jsoup-1.18.1.jar;"/>
    <property name="sun.cpu.endian" value="little"/>
    <property name="user.home" value="C:\Users\icecr"/>
    <property name="user.language" value="en"/>
    <property name="java.specification.vendor" value="Oracle Corporation"/>
    <property name="java.version.date" value="2021-10-19"/>
    <property name="java.home" value="C:\Program Files\Java\jdk-17.0.1"/>
    <property name="file.separator" value="\"/>
    <property name="basedir" value="c:\Users\icecr\Documents\All\Projects\musicrawler"/>
    <property name="java.vm.compressedOopsMode" value="Zero based"/>
    <property name="line.separator" value="&#10;"/>
    <property name="java.vm.specification.vendor" value="Oracle Corporation"/>
    <property name="java.specification.name" value="Java Platform API Specification"/>
    <property name="surefire.real.class.path" value="C:\Users\icecr\AppData\Local\Temp\surefire1489612348269378562\surefirebooter-20240828214236459_3.jar"/>
    <property name="user.script" value=""/>
    <property name="sun.management.compiler" value="HotSpot 64-Bit Tiered Compilers"/>
    <property name="java.runtime.version" value="17.0.1+12-LTS-39"/>
    <property name="user.name" value="icecr"/>
    <property name="path.separator" value=";"/>
    <property name="os.version" value="10.0"/>
    <property name="java.runtime.name" value="Java(TM) SE Runtime Environment"/>
    <property name="file.encoding" value="Cp1252"/>
    <property name="java.vm.name" value="Java HotSpot(TM) 64-Bit Server VM"/>
    <property name="localRepository" value="C:\Users\icecr\.m2\repository"/>
    <property name="java.vendor.url.bug" value="https://bugreport.java.com/bugreport/"/>
    <property name="java.io.tmpdir" value="C:\Users\icecr\AppData\Local\Temp\"/>
    <property name="java.version" value="17.0.1"/>
    <property name="user.dir" value="c:\Users\icecr\Documents\All\Projects\musicrawler"/>
    <property name="os.arch" value="amd64"/>
    <property name="java.vm.specification.name" value="Java Virtual Machine Specification"/>
    <property name="sun.os.patch.level" value=""/>
    <property name="native.encoding" value="Cp1252"/>
    <property name="java.library.path" value="C:\Program Files\Java\jdk-17.0.1\bin;C:\WINDOWS\Sun\Java\bin;C:\WINDOWS\system32;C:\WINDOWS;C:\Program Files\Common Files\Oracle\Java\javapath;C:\windows\system32;C:\windows;C:\windows\System32\Wbem;C:\windows\System32\WindowsPowerShell\v1.0\;C:\windows\System32\OpenSSH\;C:\Program Files (x86)\NVIDIA Corporation\PhysX\Common;C:\Program Files\NVIDIA Corporation\NVIDIA NvDLISR;C:\WINDOWS\system32;C:\WINDOWS;C:\WINDOWS\System32\Wbem;C:\WINDOWS\System32\WindowsPowerShell\v1.0\;C:\WINDOWS\System32\OpenSSH\;C:\Program Files (x86)\Lua\5.1;C:\Program Files (x86)\Lua\5.1\clibs;C:\Program Files\Common Files\Autodesk Shared\;C:\Program Files\Java\jdk-17.0.1\bin;C:\Program Files\Docker\Docker\resources\bin;;;C:\Program Files\Mercury;C:\Users\icecr\AppData\Local\Programs\Python\Python312\Scripts\;C:\Users\icecr\AppData\Local\Programs\Python\Python312\;C:\Users\icecr\AppData\Local\Programs\Python\Launcher\;C:\Users\icecr\AppData\Local\Microsoft\WindowsApps;;C:\Users\icecr\AppData\Local\Programs\Microsoft VS Code\bin;."/>
    <property name="java.vm.info" value="mixed mode, sharing"/>
    <property name="java.vendor" value="Oracle Corporation"/>
    <property name="java.vm.version" value="17.0.1+12-LTS-39"/>
    <property name="sun.io.unicode.encoding" value="UnicodeLittle"/>
    <property name="java.class.version" value="61.0"/>
  </properties>
  <testcase name="showAllSongsFromFirstAlbumFromArtist" classname="com.arshpace.musicrawler.AppTest" time="17.521">
    <system-out><![CDATA[20 artist name search results
Item 0 contains artist name: Nirvana
Item 1 contains artist name: Nirvana
Item 2 contains artist name: Kurt Cobain
Item 3 contains artist name: Foo Fighters
Item 4 contains artist name: Krist Novoselic
Item 5 contains artist name: Approaching Nirvana
Item 6 contains artist name: Metallica
Item 7 contains artist name: Alice in Chains
Item 8 contains artist name: Sam Smith
Item 9 contains artist name: Green Day
Item 10 contains artist name: Audioslave
Item 11 contains artist name: N1RVAAN
Item 12 contains artist name: Sounds of Isha
Item 13 contains artist name: Nirvana Music
Item 14 contains artist name: INNA
Item 15 contains artist name: The Cranberries
Item 16 contains artist name: Lexly Nirvana
Item 17 contains artist name: Black Sabbath
Item 18 contains artist name: Antoinex
Item 19 contains artist name: Stone Temple Pilots
Artist name: Nirvana, channel URL: https://music.youtube.com/channel/UCrPe3hLA51968GwxHSZ1llw
Artist releases: 
Found a release: In Utero (30th Anniversary Super Deluxe), at relative URL: https://music.youtube.com/browse/MPREb_tpiqoSr6oOT
Found a release: Downer, at relative URL: https://music.youtube.com/browse/MPREb_cDcpwYbqXe7
Found a release, but method did not request finding instances of this type. Will ignore
Found a release, but method did not request finding instances of this type. Will ignore
Found a release: Choice Is Yours, at relative URL: https://music.youtube.com/browse/MPREb_uSALvO7T9al
Found a release: Nirvana - Del Mar Fairground CA FM Broadcast 28th December 1991, at relative URL: https://music.youtube.com/browse/MPREb_pmrwtZDG2jJ
Found a release: In Utero (20th Anniversary Remaster), at relative URL: https://music.youtube.com/browse/MPREb_fOBl6NeUrW5
Found a release: Nevermind, at relative URL: https://music.youtube.com/browse/MPREb_zuVOMrWTZNc
Found a release: Bleach: Deluxe Edition, at relative URL: https://music.youtube.com/browse/MPREb_I54Tpp5Tqo1
Found a release: Live On Air 1987 (live), at relative URL: https://music.youtube.com/browse/MPREb_JwlskJ1QZu8
Found a release, but method did not request finding instances of this type. Will ignore
Found a release, but method did not request finding instances of this type. Will ignore
Found a release, but method did not request finding instances of this type. Will ignore
Found a release, but method did not request finding instances of this type. Will ignore
Found a release, but method did not request finding instances of this type. Will ignore
Found a release: About A Girl Nirvana Recordings, at relative URL: https://music.youtube.com/browse/MPREb_CAXhQ0J8s6A
Found a release, but method did not request finding instances of this type. Will ignore
Found a release, but method did not request finding instances of this type. Will ignore
Found a release: Jam On Sunset, at relative URL: https://music.youtube.com/browse/MPREb_0KrjOkEm8Il
Found a release: Broke Our Mirrors (Live California '91), at relative URL: https://music.youtube.com/browse/MPREb_jicmJsMsZqE
Found a release: Live Radio Broadcast, at relative URL: https://music.youtube.com/browse/MPREb_YBruuWCWXGy
Found a release, but method did not request finding instances of this type. Will ignore
Found a release: Live At Pat O'Brien Hall, Del Mar Fairgrounds, CA. Dec 28th 1991 Syndicated FM Broadcast, at relative URL: https://music.youtube.com/browse/MPREb_tYJiXx1ytqp
Found a release: Live At The Paramount (Live), at relative URL: https://music.youtube.com/browse/MPREb_TT7MC0l2WiF
Found a release: The Chosen Rejects Disc 3: Broadcasts, 1987-1994 (Hd Remastered Edition), at relative URL: https://music.youtube.com/browse/MPREb_g0kK1EnjyoS
Found a release: Estadio Velez Sarsfield, Buenos Aires, Argentina, October 30th, 1992 (Hd Remastered Version), at relative URL: https://music.youtube.com/browse/MPREb_IRHVEEPfx3u
Found a release: Hollywood Rock Festival, Rio De Janeiro, Brazil, January 23rd, 1993 (Doxy Collection, Remastered, Live on Broadcasting), at relative URL: https://music.youtube.com/browse/MPREb_oweGp8Ndbxm
Found a release: The Complete Kaos Session, April 17th, 1987 (Doxy Collection, Remastered, Live on Fm Broadcasting), at relative URL: https://music.youtube.com/browse/MPREb_3Ri0rArE5CT
Found a release: Live at Reading, at relative URL: https://music.youtube.com/browse/MPREb_rH9QlxxCswb
Found a release: From The Muddy Banks Of The Wishkah (Live), at relative URL: https://music.youtube.com/browse/MPREb_nW8vjwZIKLa
Found a release: MTV Unplugged In New York (25th Anniversary), at relative URL: https://music.youtube.com/browse/MPREb_aBzdBBipyVr
Found a release: MTV Unplugged In New York, at relative URL: https://music.youtube.com/browse/MPREb_99mXCzrVmLg
Found a release: Live and Loud 1993 (live), at relative URL: https://music.youtube.com/browse/MPREb_xVDqg1XReVL
Found a release: Nevermind Madrid 1992 (live), at relative URL: https://music.youtube.com/browse/MPREb_n0OAOhakf1o
Found a release: NIRVANA - LIVE ON AIR, at relative URL: https://music.youtube.com/browse/MPREb_mAFE4cJJ0w9
Found a release: Live And Loud (Live), at relative URL: https://music.youtube.com/browse/MPREb_8nlOnACJtq8
Found a release: With The Lights Out - Box Set, at relative URL: https://music.youtube.com/browse/MPREb_1GxC12OXNHk
Found a release: Sliver - The Best Of The Box, at relative URL: https://music.youtube.com/browse/MPREb_zyA84AACynJ
Found a release: Nirvana, at relative URL: https://music.youtube.com/browse/MPREb_x6BZ7EEfVbr
Found a release: Incesticide, at relative URL: https://music.youtube.com/browse/MPREb_EogWomos42c
Found a release: Smells Like Teen Spirit, at relative URL: https://music.youtube.com/browse/MPREb_6xZRXnVguFJ
Found a release: In Bloom, at relative URL: https://music.youtube.com/browse/MPREb_R2Hv25bHoly
Found a release: Pennyroyal Tea (Live), at relative URL: https://music.youtube.com/browse/MPREb_3K7G4sQU5ZU
Found a release: All Apologies (Live), at relative URL: https://music.youtube.com/browse/MPREb_DGJhiYm9k5H
Found a release: Scentless Apprentice (Live), at relative URL: https://music.youtube.com/browse/MPREb_InWBNQi9Ble
Found a release: Frances Farmer Will Have Her Revenge On Seattle (Live), at relative URL: https://music.youtube.com/browse/MPREb_YsHffbnmREM
Found a release: On A Plain (Live), at relative URL: https://music.youtube.com/browse/MPREb_CIEKCoA11bv
Found a release: Lithium (Live In Melbourne, Australia For Triple J/1992), at relative URL: https://music.youtube.com/browse/MPREb_F4JDKyuxxFh
Found a release: Breed (Live In Amsterdam, Netherlands/1991), at relative URL: https://music.youtube.com/browse/MPREb_Ifovp6O6Pur
Found a release: Polly (Live), at relative URL: https://music.youtube.com/browse/MPREb_2R1iQ3j6HHW
Total: 40 releases
First album tracklist: 
List items found by JSoup: 72
Found an item: Serve The Servants (2023 Remaster), at relative URL: watch?v=nsYZiO1FotI&list=OLAK5uy_mzvSdouYgZA-0QvNwInxI0EGvIHBC1JK4
Found an item: Scentless Apprentice (2023 Remaster), at relative URL: watch?v=upr0CVDw8Co&list=OLAK5uy_mzvSdouYgZA-0QvNwInxI0EGvIHBC1JK4
Found an item: Heart-Shaped Box (2023 Remaster), at relative URL: watch?v=n6P0SitRwy8&list=OLAK5uy_mzvSdouYgZA-0QvNwInxI0EGvIHBC1JK4
Found an item: Rape Me (2023 Remaster), at relative URL: watch?v=SuSjiQwrKYo&list=OLAK5uy_mzvSdouYgZA-0QvNwInxI0EGvIHBC1JK4
Found an item: Frances Farmer Will Have Her Revenge On Seattle (2023 Remaster), at relative URL: watch?v=9UwdINMMo_E&list=OLAK5uy_mzvSdouYgZA-0QvNwInxI0EGvIHBC1JK4
Found an item: Dumb (2023 Remaster), at relative URL: watch?v=4YFu4dvMHHY&list=OLAK5uy_mzvSdouYgZA-0QvNwInxI0EGvIHBC1JK4
Found an item: Very Ape (2023 Remaster), at relative URL: watch?v=Ge3r3EF8dGE&list=OLAK5uy_mzvSdouYgZA-0QvNwInxI0EGvIHBC1JK4
Found an item: Milk It (2023 Remaster), at relative URL: watch?v=YdcordL3ItA&list=OLAK5uy_mzvSdouYgZA-0QvNwInxI0EGvIHBC1JK4
Found an item: Pennyroyal Tea (2023 Remaster), at relative URL: watch?v=Ly2x_XUw4qU&list=OLAK5uy_mzvSdouYgZA-0QvNwInxI0EGvIHBC1JK4
Found an item: Radio Friendly Unit Shifter (2023 Remaster), at relative URL: watch?v=x309D4ABLv0&list=OLAK5uy_mzvSdouYgZA-0QvNwInxI0EGvIHBC1JK4
Found an item: tourette's (2023 Remaster), at relative URL: watch?v=2pvP6xJdDx4&list=OLAK5uy_mzvSdouYgZA-0QvNwInxI0EGvIHBC1JK4
Found an item: All Apologies (2023 Remaster), at relative URL: watch?v=tLVVhfJqohU&list=OLAK5uy_mzvSdouYgZA-0QvNwInxI0EGvIHBC1JK4
Found an item: Gallons Of Rubbing Alcohol Flow Through The Strip (2023 Remaster), at relative URL: watch?v=NDzIBaHCyeo&list=OLAK5uy_mzvSdouYgZA-0QvNwInxI0EGvIHBC1JK4
Found an item: Marigold (2023 Remaster), at relative URL: watch?v=cAsnHDFNADc&list=OLAK5uy_mzvSdouYgZA-0QvNwInxI0EGvIHBC1JK4
Found an item: Sappy (2023 Remaster), at relative URL: watch?v=RZuhEbwKR-4&list=OLAK5uy_mzvSdouYgZA-0QvNwInxI0EGvIHBC1JK4
Found an item: Moist Vagina (2023 Remaster), at relative URL: watch?v=xg3iQsaDucQ&list=OLAK5uy_mzvSdouYgZA-0QvNwInxI0EGvIHBC1JK4
Found an item: I Hate Myself And Want To Die (2023 Remaster), at relative URL: watch?v=erK50pmw05c&list=OLAK5uy_mzvSdouYgZA-0QvNwInxI0EGvIHBC1JK4
Found an item: Radio Friendly Unit Shifter (Live In Los Angeles, Great Western Forum - December 30, 1993), at relative URL: watch?v=6V0gLHhNe5I&list=OLAK5uy_mzvSdouYgZA-0QvNwInxI0EGvIHBC1JK4
Found an item: Drain You (Live In Los Angeles, Great Western Forum - December 30, 1993), at relative URL: watch?v=5io9aQegU9I&list=OLAK5uy_mzvSdouYgZA-0QvNwInxI0EGvIHBC1JK4
Found an item: Breed (Live In Los Angeles, Great Western Forum - December 30, 1993), at relative URL: watch?v=KjU8FzGZV0w&list=OLAK5uy_mzvSdouYgZA-0QvNwInxI0EGvIHBC1JK4
Found an item: Serve The Servants (Live In Los Angeles, Great Western Forum - December 30, 1993), at relative URL: watch?v=rkwv7DyanOY&list=OLAK5uy_mzvSdouYgZA-0QvNwInxI0EGvIHBC1JK4
Found an item: Come As You Are (Live In Los Angeles, Great Western Forum - December 30, 1993), at relative URL: watch?v=VpTYVyeM73s&list=OLAK5uy_mzvSdouYgZA-0QvNwInxI0EGvIHBC1JK4
Found an item: Smells Like Teen Spirit (Live In Los Angeles, Great Western Forum - December 30, 1993), at relative URL: watch?v=SKrowufjHtQ&list=OLAK5uy_mzvSdouYgZA-0QvNwInxI0EGvIHBC1JK4
Found an item: Sliver (Live In Los Angeles, Great Western Forum - December 30, 1993), at relative URL: watch?v=GDzXk4-VDhw&list=OLAK5uy_mzvSdouYgZA-0QvNwInxI0EGvIHBC1JK4
Found an item: Dumb (Live In Los Angeles, Great Western Forum - December 30, 1993), at relative URL: watch?v=qGU7RAXaS1M&list=OLAK5uy_mzvSdouYgZA-0QvNwInxI0EGvIHBC1JK4
Found an item: In Bloom (Live In Los Angeles, Great Western Forum - December 30, 1993), at relative URL: watch?v=kfTuBAP-yF4&list=OLAK5uy_mzvSdouYgZA-0QvNwInxI0EGvIHBC1JK4
Found an item: About A Girl (Live In Los Angeles, Great Western Forum - December 30, 1993), at relative URL: watch?v=1fPzprReqxk&list=OLAK5uy_mzvSdouYgZA-0QvNwInxI0EGvIHBC1JK4
Found an item: Lithium (Live In Los Angeles, Great Western Forum - December 30, 1993), at relative URL: watch?v=NOGcm0LnBTw&list=OLAK5uy_mzvSdouYgZA-0QvNwInxI0EGvIHBC1JK4
Found an item: Pennyroyal Tea (Live In Los Angeles, Great Western Forum - December 30, 1993), at relative URL: watch?v=EbSq05CBh2g&list=OLAK5uy_mzvSdouYgZA-0QvNwInxI0EGvIHBC1JK4
Found an item: School (Live In Los Angeles, Great Western Forum - December 30, 1993), at relative URL: watch?v=uoeTuP09B-w&list=OLAK5uy_mzvSdouYgZA-0QvNwInxI0EGvIHBC1JK4
Found an item: Polly (Live In Los Angeles, Great Western Forum - December 30, 1993), at relative URL: watch?v=N-rczvRoUdw&list=OLAK5uy_mzvSdouYgZA-0QvNwInxI0EGvIHBC1JK4
Found an item: Frances Farmer Will Have Her Revenge On Seattle (Live In Los Angeles, Great Western Forum - December 30, 1993), at relative URL: watch?v=V6k1L32YVL4&list=OLAK5uy_mzvSdouYgZA-0QvNwInxI0EGvIHBC1JK4
Found an item: Rape Me (Live In Los Angeles, Great Western Forum - December 30, 1993), at relative URL: watch?v=g-k8fSa8egU&list=OLAK5uy_mzvSdouYgZA-0QvNwInxI0EGvIHBC1JK4
Found an item: Territorial Pissings (Live In Los Angeles, Great Western Forum - December 30, 1993), at relative URL: watch?v=sGhnSgX3yQk&list=OLAK5uy_mzvSdouYgZA-0QvNwInxI0EGvIHBC1JK4
Found an item: Jesus Doesn't Want Me For A Sunbeam (Live In Los Angeles, Great Western Forum - December 30, 1993), at relative URL: watch?v=6mTXkC9J-b4&list=OLAK5uy_mzvSdouYgZA-0QvNwInxI0EGvIHBC1JK4
Found an item: The Man Who Sold The World (Live In Los Angeles, Great Western Forum - December 30, 1993), at relative URL: watch?v=oMFO8EYVeiA&list=OLAK5uy_mzvSdouYgZA-0QvNwInxI0EGvIHBC1JK4
Found an item: All Apologies (Live In Los Angeles, Great Western Forum - December 30, 1993), at relative URL: watch?v=Eyw8zzQfHQM&list=OLAK5uy_mzvSdouYgZA-0QvNwInxI0EGvIHBC1JK4
Found an item: On A Plain (Live In Los Angeles, Great Western Forum - December 30, 1993), at relative URL: watch?v=J7ZwWsEpPlo&list=OLAK5uy_mzvSdouYgZA-0QvNwInxI0EGvIHBC1JK4
Found an item: Heart-Shaped Box (Live In Los Angeles, Great Western Forum - December 30, 1993), at relative URL: watch?v=qqbIJGB1HFY&list=OLAK5uy_mzvSdouYgZA-0QvNwInxI0EGvIHBC1JK4
Found an item: Blew (Live In Los Angeles, Great Western Forum - December 30, 1993), at relative URL: watch?v=q8pf5WaKyd4&list=OLAK5uy_mzvSdouYgZA-0QvNwInxI0EGvIHBC1JK4
Found an item: Feedback Jam (Live In Los Angeles, Great Western Forum - December 30, 1993), at relative URL: watch?v=PUCetgSfqXk&list=OLAK5uy_mzvSdouYgZA-0QvNwInxI0EGvIHBC1JK4
Found an item: Radio Friendly Unit Shifter (Live In Seattle, Seattle Center Arena - January 7, 1994), at relative URL: watch?v=_RqDfa_oxYM&list=OLAK5uy_mzvSdouYgZA-0QvNwInxI0EGvIHBC1JK4
Found an item: Drain You (Live In Seattle, Seattle Center Arena - January 7, 1994), at relative URL: watch?v=8fwKLm6htCI&list=OLAK5uy_mzvSdouYgZA-0QvNwInxI0EGvIHBC1JK4
Found an item: Breed (Live In Seattle, Seattle Center Arena - January 7, 1994), at relative URL: watch?v=6JrJYj86qSk&list=OLAK5uy_mzvSdouYgZA-0QvNwInxI0EGvIHBC1JK4
Found an item: Serve The Servants (Live In Seattle, Seattle Center Arena - January 7, 1994), at relative URL: watch?v=hk7RbWt9wd0&list=OLAK5uy_mzvSdouYgZA-0QvNwInxI0EGvIHBC1JK4
Found an item: Come As You Are (Live In Seattle, Seattle Center Arena - January 7, 1994), at relative URL: watch?v=LS8ewmf21IE&list=OLAK5uy_mzvSdouYgZA-0QvNwInxI0EGvIHBC1JK4
Found an item: Smells Like Teen Spirit (Live In Seattle, Seattle Center Arena - January 7, 1994), at relative URL: watch?v=VePUVtRZ8B8&list=OLAK5uy_mzvSdouYgZA-0QvNwInxI0EGvIHBC1JK4
Found an item: Sliver (Live In Seattle, Seattle Center Arena - January 7, 1994), at relative URL: watch?v=rNWUdxpKA4U&list=OLAK5uy_mzvSdouYgZA-0QvNwInxI0EGvIHBC1JK4
Found an item: Dumb (Live In Seattle, Seattle Center Arena - January 7, 1994), at relative URL: watch?v=CDswgP90Cjc&list=OLAK5uy_mzvSdouYgZA-0QvNwInxI0EGvIHBC1JK4
Found an item: In Bloom (Live In Seattle, Seattle Center Arena - January 7, 1994), at relative URL: watch?v=mk8upzu6JdA&list=OLAK5uy_mzvSdouYgZA-0QvNwInxI0EGvIHBC1JK4
Found an item: About A Girl (Live In Seattle, Seattle Center Arena - January 7, 1994), at relative URL: watch?v=X6zB456e3U4&list=OLAK5uy_mzvSdouYgZA-0QvNwInxI0EGvIHBC1JK4
Found an item: Lithium (Live In Seattle, Seattle Center Arena - January 7, 1994), at relative URL: watch?v=3Qdjo0h5NPs&list=OLAK5uy_mzvSdouYgZA-0QvNwInxI0EGvIHBC1JK4
Found an item: Pennyroyal Tea (Live In Seattle, Seattle Center Arena - January 7, 1994), at relative URL: watch?v=4g08Hl-tYy0&list=OLAK5uy_mzvSdouYgZA-0QvNwInxI0EGvIHBC1JK4
Found an item: School (Live In Seattle, Seattle Center Arena - January 7, 1994), at relative URL: watch?v=fvCyO5aUZ7w&list=OLAK5uy_mzvSdouYgZA-0QvNwInxI0EGvIHBC1JK4
Found an item: Polly (Live In Seattle, Seattle Center Arena - January 7, 1994), at relative URL: watch?v=dWsrgB4eTrk&list=OLAK5uy_mzvSdouYgZA-0QvNwInxI0EGvIHBC1JK4
Found an item: Frances Farmer Will Have Her Revenge On Seattle (Live In Seattle, Seattle Center Arena - January 7, 1994), at relative URL: watch?v=_-OiPucW6_U&list=OLAK5uy_mzvSdouYgZA-0QvNwInxI0EGvIHBC1JK4
Found an item: Milk It (Live In Seattle, Seattle Center Arena - January 7, 1994), at relative URL: watch?v=e7MHrlnIbK4&list=OLAK5uy_mzvSdouYgZA-0QvNwInxI0EGvIHBC1JK4
Found an item: Rape Me (Live In Seattle, Seattle Center Arena - January 7, 1994), at relative URL: watch?v=O8JawL7P0kY&list=OLAK5uy_mzvSdouYgZA-0QvNwInxI0EGvIHBC1JK4
Found an item: Territorial Pissings (Live In Seattle, Seattle Center Arena - January 7, 1994), at relative URL: watch?v=2fZfHD4qO5Y&list=OLAK5uy_mzvSdouYgZA-0QvNwInxI0EGvIHBC1JK4
Found an item: Jesus Doesn't Want Me For A Sunbeam (Live In Seattle, Seattle Center Arena - January 7, 1994), at relative URL: watch?v=_BWol6FuOwk&list=OLAK5uy_mzvSdouYgZA-0QvNwInxI0EGvIHBC1JK4
Found an item: The Man Who Sold The World (Live In Seattle, Seattle Center Arena - January 7, 1994), at relative URL: watch?v=WBxLdqe_hq0&list=OLAK5uy_mzvSdouYgZA-0QvNwInxI0EGvIHBC1JK4
Found an item: All Apologies (Live In Seattle, Seattle Center Arena - January 7, 1994), at relative URL: watch?v=57Zp-T1ekB0&list=OLAK5uy_mzvSdouYgZA-0QvNwInxI0EGvIHBC1JK4
Found an item: On A Plain (Live In Seattle, Seattle Center Arena - January 7, 1994), at relative URL: watch?v=HyvO9-cB9Yw&list=OLAK5uy_mzvSdouYgZA-0QvNwInxI0EGvIHBC1JK4
Found an item: Scentless Apprentice (Live In Seattle, Seattle Center Arena - January 7, 1994), at relative URL: watch?v=q6aQ7QDx8A0&list=OLAK5uy_mzvSdouYgZA-0QvNwInxI0EGvIHBC1JK4
Found an item: Heart-Shaped Box (Live In Seattle, Seattle Center Arena - January 7, 1994), at relative URL: watch?v=05VLiqBXNYg&list=OLAK5uy_mzvSdouYgZA-0QvNwInxI0EGvIHBC1JK4
Found an item: Blew (Live In Seattle, Seattle Center Arena - January 7, 1994), at relative URL: watch?v=uld6yGTbUdw&list=OLAK5uy_mzvSdouYgZA-0QvNwInxI0EGvIHBC1JK4
Found an item: Serve The Servants (Live In Rome, Palaghiaccio Di Marino - February 22, 1994), at relative URL: watch?v=DXyfTzIHyQY&list=OLAK5uy_mzvSdouYgZA-0QvNwInxI0EGvIHBC1JK4
Found an item: Scentless Apprentice (Live In Rome, Palaghiaccio Di Marino - February 22, 1994), at relative URL: watch?v=AFO4TLwi-Ww&list=OLAK5uy_mzvSdouYgZA-0QvNwInxI0EGvIHBC1JK4
Found an item: Heart-Shaped Box (Live In Rome, Palaghiaccio Di Marino - February 22, 1994), at relative URL: watch?v=tx9mOc4cjgM&list=OLAK5uy_mzvSdouYgZA-0QvNwInxI0EGvIHBC1JK4
Found an item: Very Ape (Live In Rome, Palaghiaccio Di Marino - February 22, 1994), at relative URL: watch?v=OF2i9GM7184&list=OLAK5uy_mzvSdouYgZA-0QvNwInxI0EGvIHBC1JK4
Found an item: Milk It (Live In Springfield, Springfield Civic Center - November 10, 1993), at relative URL: watch?v=ZH3DRyP_Sk8&list=OLAK5uy_mzvSdouYgZA-0QvNwInxI0EGvIHBC1JK4
Found an item: tourette's (Live In New York, Roseland Ballroom - July 23, 1993), at relative URL: watch?v=eCmsC7j-ftQ&list=OLAK5uy_mzvSdouYgZA-0QvNwInxI0EGvIHBC1JK4
Total: 72 songs
]]></system-out>
  </testcase>
  <testcase name="encodingTest" classname="com.arshpace.musicrawler.AppTest" time="0.0">
    <system-out><![CDATA[Hello, World 1! Привет, мир! こんにちは世界
File encoding: Cp1252
]]></system-out>
  </testcase>
</testsuite>